<?xml version="1.0" encoding="UTF-8"?>
<testng-results ignored="0" total="2" passed="2" failed="0" skipped="0">
  <reporter-output>
  </reporter-output>
  <suite started-at="2026-02-11T14:28:06 IST" name="SauceDemo Suite" finished-at="2026-02-11T14:28:15 IST" duration-ms="8683">
    <groups>
      <group name="negative">
        <method signature="LoginTest.invalidLoginTest()[pri:2, instance:tests.LoginTest@477b4cdf]" name="invalidLoginTest" class="tests.LoginTest"/>
      </group> <!-- negative -->
    </groups>
    <test started-at="2026-02-11T14:28:06 IST" name="Login Tests" finished-at="2026-02-11T14:28:15 IST" duration-ms="8683">
      <class name="tests.LoginTest">
        <test-method is-config="true" signature="initialization()[pri:0, instance:tests.LoginTest@477b4cdf]" started-at="2026-02-11T14:28:06 IST" name="initialization" finished-at="2026-02-11T14:28:09 IST" duration-ms="3383" status="PASS">
          <reporter-output>
          </reporter-output>
        </test-method> <!-- initialization -->
        <test-method is-config="true" signature="pageSetup()[pri:0, instance:tests.LoginTest@477b4cdf]" started-at="2026-02-11T14:28:09 IST" name="pageSetup" finished-at="2026-02-11T14:28:09 IST" duration-ms="31" status="PASS">
          <reporter-output>
          </reporter-output>
        </test-method> <!-- pageSetup -->
        <test-method signature="validLoginTest()[pri:1, instance:tests.LoginTest@477b4cdf]" started-at="2026-02-11T14:28:09 IST" name="validLoginTest" finished-at="2026-02-11T14:28:13 IST" duration-ms="3305" status="PASS">
          <reporter-output>
          </reporter-output>
        </test-method> <!-- validLoginTest -->
        <test-method is-config="true" signature="quitBrowser()[pri:0, instance:tests.LoginTest@477b4cdf]" started-at="2026-02-11T14:28:13 IST" name="quitBrowser" finished-at="2026-02-11T14:28:13 IST" duration-ms="0" status="PASS">
          <reporter-output>
          </reporter-output>
        </test-method> <!-- quitBrowser -->
        <test-method is-config="true" signature="initialization()[pri:0, instance:tests.LoginTest@477b4cdf]" started-at="2026-02-11T14:28:13 IST" name="initialization" finished-at="2026-02-11T14:28:14 IST" duration-ms="1347" status="PASS">
          <reporter-output>
          </reporter-output>
        </test-method> <!-- initialization -->
        <test-method is-config="true" signature="pageSetup()[pri:0, instance:tests.LoginTest@477b4cdf]" started-at="2026-02-11T14:28:14 IST" name="pageSetup" finished-at="2026-02-11T14:28:14 IST" duration-ms="3" status="PASS">
          <reporter-output>
          </reporter-output>
        </test-method> <!-- pageSetup -->
        <test-method signature="invalidLoginTest()[pri:2, instance:tests.LoginTest@477b4cdf]" started-at="2026-02-11T14:28:14 IST" name="invalidLoginTest" finished-at="2026-02-11T14:28:14 IST" duration-ms="239" status="PASS">
          <reporter-output>
          </reporter-output>
        </test-method> <!-- invalidLoginTest -->
        <test-method is-config="true" signature="quitBrowser()[pri:0, instance:tests.LoginTest@477b4cdf]" started-at="2026-02-11T14:28:15 IST" name="quitBrowser" finished-at="2026-02-11T14:28:15 IST" duration-ms="1" status="PASS">
          <reporter-output>
          </reporter-output>
        </test-method> <!-- quitBrowser -->
      </class> <!-- tests.LoginTest -->
    </test> <!-- Login Tests -->
  </suite> <!-- SauceDemo Suite -->
</testng-results>
